[    0.000000] Initializing cgroup subsys cpuset
[    0.000000] Initializing cgroup subsys cpu
[    0.000000] Initializing cgroup subsys cpuacct
[    0.000000] Linux version 4.4.0-137-generic (buildd@lgw01-amd64-037) (gcc version 5.4.0 20160609 (Ubuntu 5.4.-6ubuntu1~16.04.10) ) #163-Ubuntu SP Mon Sep 24 13:14:43 UTC 2018 (Ubuntu 4.4.0-137.163-generic 4.4.144)
[    0.000000] Command line: BOOT_IMAGE=/boot/vmlinuz-4.4.0-137-eneri roo=LABEL=cloudimg-rootfs ro console=tty1 console=ttyS0
[    0.000000] KERNEL supported cpus:
[    0.00000]   Intel GenuineIntel
[    0.000000]   AMD AuthenticAMD
[    0.000000]   Centaur CentaurHauls
[    0.000000] x86/fpu: xsate_offset[2]:  576,xstate_sizes[2]:  256
[    0.000000] x86/fpu: Suppoting XSAVE feature 0x01: 'x87 floating pointregisers'
[    0.000000] x86/fpu: Supporting XSAVE feature 0x02: 'SSE registers'
[    0.000000] x86/fpu:Supporting XSAVE feature 0x04: 'AVX registers'
[    0.000000 x86/fpu: Enabled xstate features 0x7, context size is 832 bytes, using 'standard' format.
    0.000000] e820: BIOS-provided physical RAM map:
[    0.000000] BIOS-e820 [mem 0x0000000000000000-0x000000000009fbff] uable
[    0.000000]BIOS-e820: [mem 0x000000000009fc00-0x000000000009ffff] reserved
[    .00000] BIOS-e820: [mem 0x00000000000f0000-0x0000000000fffff] reserved
[    0.000000] BIOS-e820: [mem 0x0000000000100000-0x000000003ffeffff] usable
[    0.00000] BIOS-e820: [mem 0x000000003fff0000-0x000000003fffffff] ACPI data
[    0.000000] BIOS-e820: [mem 0x00000000fec00000-0x00000000fec00fff] reserved
[    0.000000] BIOS-e820: [mem 0x00000000fee00000-0x00000000fee00fff] reserved
[    0.000000] BIOS-e820: [em  0x00000000fffc0000-0x00000000ffffffff] reserved
[    0.00000] NX (Execute Disable) protection: active
[    0.000000] SMBIOS 2.5 present.
[    0.00000] Hypervisor detected: KVM
[    0.000000] e80: last_pfn = 0x3fff0 max_arch_pfn = 0x400000000
[    0.000000] MTRR: Disabled
[    0.00000] x86/PAT: MTRRs disabed, skipping PATnitialization oo.
[    0.000000] CPU MTRRs all blank - virtualized system.
[    0.000000] x86/PAT: Configuration [0-7]: WB  WT  UC- UC  WB  WT  UC- UC  
[    0.000000] found SMP MP-table at [mem 0x0009fff0-0x0009ffff] mapped at [ffff88000009fff0]
[    0.000000] Scanning 1 ares for low memory coruption
[    0.000000] RAMDISK: [mem 0x3630e000-0x3717efff]
[    0.000000]ACPI: Eary table checksum verification disabled
[    0.00000] API: RSDP 000000000000E0000 000024 (v02 VBOX  )
[    0.000000] ACP: XSD 0x00000000FFF0030 00003C (v01 VBOX   VBOXXSDT 00000001 ASL  00000061)
[    0.000000] ACPI: FACP 0x000000003FFF00F0 0000F4 (v04 VBOX   VBOXFACP 00000001 ASL  00000061)
[    0.00000] ACPI: DSDT 0x00000003FFF0470 0021FF (v02 VBOX   VBOXBIOS 00000002 NTL 20100528)
[    0.000000] ACPI: FACS 000000003FFF0200 000040
[    0.000000] ACPI: FACS 0x000000003FFF0200 000040
[    0.00000] ACPI: APIC 0x000000003FFF0240 00005C (v02 VBOX   VBOXAPIC 00000001 ASL  00000061)
[    0.000000] ACPI:SSDT 0x000000003FFF02A0 0001CC (v01 VBOX   VBOXCPUT 00000002 INTL 0100528)
[    0.000000] No NUMA configuration found
[    0.000000] Faking a node at [mem 0x0000000000000000-0x000000003ffeffff]
[    0.000000] NODE_DATA(0) allocated [mem 0x3ffeb000-0xffeffff]
[    0.000000] kvm-clock: Using msrs 4b564d01 and 4b564d00
[   0.000000] kvm-clock: cpu 0, msr 0:3ffe3001, primary cpu clock
[    0.000000] kvm-clock: using sched offset of 6968819720 cycles
[    0000000] clocksource: kvm-clock: mask: 0xffffffffffffffff max_cycles: 0x1cd42e4dfffb, max_idle_ns: 881590591483 ns
[    0.000000] Zone ranges:
[    .00000]   DMA     [mem 0x000000000000100-0x0000000000ffffff]
[    0.000000]   DMA32    [mem 0x0000000001000000-0x000000003ffeffff]
[    0.000000]   Normal   empty
[    0.000000]   Device   empty[    0.000000] Movabe zone start for each node
[    0.000000]Early mmory node ranges
[    0.000000]   node   0: [mem 0x0000000000001000-0x000000000009efff]
[    0.000000]   node   0: [mem 0x0000000000100000-0x000000003ffeffff]
[    0.000000 Initmem setup nod 0 [mem 0x000000000000100-0x00000003ffeffff]
[    0.00000] ACPI: PM-Timer IO Port: 0x4008
[    .000000] IOAPIC[0]: apic_id 2, version 32, address 0xfec00000, GSI 0-23
[    0.000000] ACPI: INT_SRC_OVR (bus 0 bus_irq 0 global_irq 2 dfl dfl)
[    0.000000] ACPI: INT_SRC_OVR (bus 0 bus_irq 9 global_irq 9 low level)
[    0.000000] Using ACPI (MADT) for SMP configuration informatin
[    0.000000] smpboot: Allowing 2 CPUs, 0 hotplug CPUs
[    0.000000] PM: Registered osave mmory: [mem 0x00000000-0x00000fff]
[    0.000000] PM: Registered nosave memory: [mem 0x0009f000-0x0009ffff]
[    0.000000] PM: Registere nosave emory: [mem 0x000a0000-0x000effff]
    0.000000] PM: Registered nosave memory: [mem 0x000f0000-0x000fffff]
[    0.00000] e820: [mem 0x4000000-0xfebfffff] available for PCI dvices
[    0.000000] Booting paravirtualized kernel on KVM
[    0.000000] clocksource: refined-jiffies: mask: 0xffffffff max_cycles: 0xffffffff, max_idle_ns: 7645519600211568 ns
[    0.000000] setup_percpu: NR_CPUS:512 nr_cpumask_bits:512 nr_cpu_ids:2 nr_node_ids:1
[   0.000000] PERCU: Embedded 34 pages/cpu @ffff8800fc00000 s99608 r8192 d31464 u1048576
[    0.000000] PV qpinloc hash tabl entries: 256 (order: 0, 4096 bytes)
[    0.000000] Built 1 zonelists in Node order, mobility grouping on.  Total pages: 257912
[    0.00000] Polic zone: DMA32
[    0.000000] Kernel command line: BOOT_IMAGE=/boot/vmlinuz-4.4.0-137-generic root=LABEL=cldimg-rootfs ro console=tty1 console=ttyS0
[    0.000000] PID hash table entries: 4096 (order: 3, 3278 bytes)
[    0.000000] Memory: 997716K/1048120K available (8555K kernel code, 1314K rwdata, 4004K rodata, 1528K init, 1316K bss, 50404K reserved, 0K cma-reserved)
[    0.000000] SLUB: HWaign=64, Order=0-3, MinObjects=0 CPUs=2, Nodes=1
[    0.000000] Kernel/User page tables isolation: enabled
[    0.00000] Hierarchical RCUimplemntation.
[    0.000000] 	Build-time adjustment of leaf fanout to 64.
[    0.000000] 	RCU estricting CPUs from NR_CPUS=512 to nr_pu_ids=2.
[    0.000000] RCU: Adjusting geometry for rcu_fanout_leaf=64, nr_cpu_ids=2
[    0.000000] NR_IRQS:33024 nr_irqs:440 16
[    0.000000] Console: colour VGA+ 80x25
[    0.000000] console [tty1] enabled
    0.000000] console [ttyS0]enabled
[    0.000000] tsc: Detected 1600.000 MHz processor
[    2.236836] Calibrating delay loop (skipped) preset value.. 3200.00 BogoMIPS (lpj=6400000)
[    2.245380] pid_max: default: 32768 minimum: 301
[    2.258732] ACPI: Core revision 20150930
[    2.264135] ACPI: 2 ACPI AML tables successfully acquired and loaded
[    2.271658] Security Framework initialized
[    2.279160] Yama: becoming mindful.
[    2.286251] AppArmor: AppArmor initialized
[    2.291379] Dentry cache hash table entries: 131072 (order: 8, 1048576 bytes)
[    2.297442] Inode-cache hash table entries: 65536 (order: 7, 524288 bytes)
[    2.307281] Mount-cache hash table entries: 2048 (order: 2, 16384 bytes)
[    2.316029] Mountpoint-cache hash table entries: 2048 (order: 2, 16384 bytes)
[    2.325062] Initializing cgroup subsys io
[    2.327106] Initializing cgroup subsys memory
[    2.329416] Initializing cgroup subsys devices
[    2.331636] Initializing cgroup subsys freezer
[    2.333586] Initializing cgroup subsys net_cls
[    2.335484] Initializing cgroup subsys perf_event
[    2.337171] Initializing cgroup subsys net_prio
[    2.342745] Initializing cgroup subsys hugetlb
[    2.344865] Initializing cgroup subsys pids
[    2.348410] mce: CPU supports 0 MCE banks
[    2.350414] Last level iTLB entries: 4KB 64, 2MB 8, 4MB 8
[    2.353354] Last level dTLB entries: 4KB 64, 2MB 0, 4MB 0, 1GB 4
[    2.364654] Spectre V2 : Mitigation: Full generic retpoline
[    2.368708] Spectre V2 : Spectre v2 mitigation: Speculation control IBPB not-supported IBRS not-supported
[    2.382293] Spectre V2 : Spectre v2 / SpectreRSB mitigation: Filling RSB on context switch
[    2.389291] Speculative Store Bypass: Vulnerable
[    2.401688] Freeing SMP alternatives memory: 32K
[    2.423885] ftrace: allocating 32265 entries in 127 pages
[    2.494551] smpboot: APIC(0) Converting physical 0 to logical package 0
[    2.505149] smpboot: Max logical packages: 1
[    2.515625] x2apic enabled
[    2.517113] Switched APIC routing to physical x2apic.
[    2.523529] ..TIMER: vector=0x30 apic1=0 pin1=2 apic2=-1 pin2=-1
[    2.634692] smpboot: CPU0: Intel(R) Core(TM) i5-5250U CPU @ 1.60GHz (family: 0x6, model: 0x3d, stepping: 0x4)
[    2.644855] Performance Events: unsupported p6 CPU model 61 no PMU driver, software events only.
[    2.655608] KVM setup paravirtual spinlock
[    2.658289] x86: Booting SMP configuration:
[    2.675804] .... node  #0, CPUs:      #1
[    2.681297] kvm-clock: cpu 1, msr 0:3ffe3041, secondary cpu clock
[    2.684359] mce: CPU supports 0 MCE banks
[    2.687784] x86: Booted up 1 node, 2 CPUs
[    2.695173] smpboot: Total of 2 processors activated (6400.00 BogoMIPS)
[    2.701479] devtmpfs: initialized
[    2.704551] evm: security.selinux
[    2.706067] evm: security.SMACK64
[    2.707623] evm: security.SMACK64EXEC
[    2.711146] evm: security.SMACK64TRANSMUTE
[    2.716520] evm: security.SMACK64MMAP
[    2.719601] evm: security.ima
[    2.720886] evm: security.capability
[    2.725563] clocksource: jiffies: mask: 0xffffffff max_cycles: 0xffffffff, max_idle_ns: 7645041785100000 ns
[    2.732271] futex hash table entries: 512 (order: 3, 32768 bytes)
[    2.736525] pinctrl core: initialized pinctrl subsystem
[    2.738794] RTC time: 15:51:06, date: 10/31/18
[    2.745204] NET: Registered protocol family 16
[    2.759202] cpuidle: using governor ladder
[    2.774680] cpuidle: using governor menu
[    2.790533] PCCT header not found.
[    2.812194] ACPI: bus type PCI registered
[    2.818623] acpiphp: ACPI Hot Plug PCI Controller Driver version: 0.5
[    2.835790] PCI: Using configuration type 1 for base access
[    2.867841] ACPI: Added _OSI(Module Device)
[    2.878375] ACPI: Added _OSI(Processor Device)
[    2.894558] ACPI: Added _OSI(3.0 _SCP Extensions)
[    2.913462] ACPI: Added _OSI(Processor Aggregator Device)
[    2.920117] ACPI: Executed 1 blocks of module-level executable AML code
[    2.930345] ACPI: Interpreter enabled
[    2.936429] ACPI: (supports S0 S5)
[    2.944165] ACPI: Using IOAPIC for interrupt routing
[    2.950717] PCI: Using host bridge windows from ACPI; if necessary, use "pci=nocrs" and report a bug
[    2.964345] ACPI: PCI Root Bridge [PCI0] (domain 0000 [bus 00-ff])
[    2.968699] acpi PNP0A03:00: _OSC: OS supports [ASPM ClockPM Segments MSI]
[    2.974584] acpi PNP0A03:00: _OSC: not requesting OS control; OS requires [ExtendedConfig ASPM ClockPM MSI]
[    2.978817] acpi PNP0A03:00: fail to add MMCONFIG information, can't access extended PCI configuration space under this bridge.
[    2.992871] PCI host bridge to bus 0000:00
[    2.996387] pci_bus 0000:00: root bus resource [io  0x0000-0x0cf7 window]
[    3.001151] pci_bus 0000:00: root bus resource [io  0x0d00-0xffff window]
[    3.005193] pci_bus 0000:00: root bus resource [mem 0x000a0000-0x000bffff window]
[    3.016001] pci_bus 0000:00: root bus resource [mem 0x40000000-0xfdffffff window]
[    3.022044] pci_bus 0000:00: root bus resource [bus 00-ff]
[    3.029161] pci 0000:00:01.1: legacy IDE quirk: reg 0x10: [io  0x01f0-0x01f7]
[    3.032235] pci 0000:00:01.1: legacy IDE quirk: reg 0x14: [io  0x03f6]
[    3.037855] pci 0000:00:01.1: legacy IDE quirk: reg 0x18: [io  0x0170-0x0177]
[    3.043382] pci 0000:00:01.1: legacy IDE quirk: reg 0x1c: [io  0x0376]
[    3.083434] pci 0000:00:07.0: quirk: [io  0x4000-0x403f] claimed by PIIX4 ACPI
[    3.090837] pci 0000:00:07.0: quirk: [io  0x4100-0x410f] claimed by PIIX4 SMB
[    3.106475] ACPI: PCI Interrupt Link [LNKA] (IRQs 5 9 10 *11)
[    3.112154] ACPI: PCI Interrupt Link [LNKB] (IRQs 5 9 *10 11)
[    3.119474] ACPI: PCI Interrupt Link [LNKC] (IRQs 5 *9 10 11)
[    3.127997] ACPI: PCI Interrupt Link [LNKD] (IRQs 5 9 10 *11)
[    3.132654] ACPI: Enabled 2 GPEs in block 00 to 07
[    3.139254] vgaarb: setting as boot device: PCI:0000:00:02.0
[    3.145415] vgaarb: device added: PCI:0000:00:02.0,decodes=io+mem,owns=io+mem,locks=none
[    3.152614] vgaarb: loaded
[    3.153841] vgaarb: bridge control possible 0000:00:02.0
[    3.161181] SCSI subsystem initialized
[    3.166929] ACPI: bus type USB registered
[    3.174957] usbcore: registered new interface driver usbfs
[    3.179070] usbcore: registered new interface driver hub
[    3.184517] usbcore: registered new device driver usb
[    3.189534] PCI: Using ACPI for IRQ routing
[    3.192026] NetLabel: Initializing
[    3.194791] NetLabel:  domain hash size = 128
[    3.201972] NetLabel:  protocols = UNLABELED CIPSOv4
[    3.206179] NetLabel:  unlabeled traffic allowed by default
[    3.216214] amd_nb: Cannot enumerate AMD northbridges
[    3.219700] clocksource: Switched to clocksource kvm-clock
[    3.24077] AppArmor: AppArmor Filesystem Enabled
[    3.270832] pn: PnP ACI init
[   3.32414] pn: PnP ACPI: found 3devices

[    3.440785] clocksource: acpi_pm: mask 0xffffff max_cycles: 0xffffff, max_idle_ns: 2085701024 ns
[    3.470054] NET: Registered protocol family 2

[    3.472397] TCP established hash table entries: 8192 (order: 4, 65536 bytes)
[    3.475452] TCP bind hash table entries: 8192 (order: 5, 131072 bytes)
[    3.478379] TCP: Hash tables configured (established 8192 bind 8192)
[    3.481131] UDP hash table entries: 512 (order: 2, 16384 bytes)
[    3.483683] UDP-Lite hash table entries: 512 (order: 2, 16384 bytes)
[    3.486420] NET: Registered protocol family 1
[    3.488342] pci 0000:00:00.0: Limiting direct PCI/PCI transfers
[    3.490967] pci 0000:00:01.0: Activating ISA DMA hang workarounds
[    3.494317] Unpacking initramfs...
[    3.811933] Freeing initrd memory: 14788K
[    3.830433] RAPL PMU detected, API unit is 2^-32 Joules, 4 fixed counters 10737418240 ms ovfl timer
[    3.840267] hw unit of domain pp0-core 2^-0 Joules
[    3.842091] hw unit of domain package 2^-0 Joules
[    3.843967] hw unit of domain dram 2^-0 Joules
[    3.845727] hw unit of domain pp1-gpu 2^-0 Joules
[    3.854068] platform rtc_cmos: registered platform RTC device (no PNP device found)
[    3.857159] Scanning for low memory corruption every 60 seconds
[    3.860548] audit: initializing netlink subsys (disabled)
[    3.862773] audit: type=2000 audit(1541001074.070:1): initialized
[    3.865611] Initialise system trusted keyring
[    3.867914] HugeTLBregistered 2 MB page size, pre-allocated 0 pages

[    3.901284] zbud: loaded
[   3.915931] VFS: Disk quotas dquot_6.6.0

[    3.942628] VFS: Dquot-cache hash table entries: 512 (order 0, 4096 bytes)
[    3.945364] squashs: version 4.0 (2009/01/31) Phillp Lougher
[    4.000431] fuse ini (API vesion 7.23)

[    4.077664] Key type big_key registered
[    4.081152] Allocating IMA MOK and blacklist keyrings.
[    4.088968] Key type asymmetric registered
[    4.091740] Asymmetric key parser 'x509' registered
[    4.093444] Block layer SCSI generic (bsg) driver version 0.4 loaded (major 249)
[    4.096130] io scheduler noop registered
[    4.097475] io scheduler deadline registered (default)
[    4.099169] io scheduler cfq registered
[    4.105680] pci_hotplug: PCI Hot Plug PCI Core version: 0.5
[    4.108265] pciehp: PCI Express Hot Plug Controller Driver version: 0.4
[    4.116552] ACPI: AC Adapter [AC] (off-line)
[    4.118591] input: Power Button as /devices/LNXSYSTM:00/LNXPWRBN:00/input/input0
[    4.126110] ACPI: Power Button [PWRF]
[    4.134435] input: Sleep Button as /devices/LNXSYSTM:00/LNXSLPBN:00/input/input1
[    4.139065] ACPI: Sleep Button [SLPF]
[    4.142503] ACPI: Battery Slot [BAT0] (battery present)
[    4.149530] GHES: HEST is not enabled!
[    4.154628] Serial: 8250/6550 driver, 32 ports, IRQ haring enabled

[    4.261631] 00:02: ttyS0 at I/O 0x3f8 (irq = 4, base_baud= 15200) s a 16550A

[    4.347034] Linux agpgart interface v0.103
[    4.353296] loop: module loaded
[    4.365433] scsi host0: ata_piix
[    4.370894] scsi host1: ata_piix
[    4.398810] ata1: PATA max UDMA/33 cmd 0x1f0 ctl 0x3f6 bmdma 0xd000 irq 14
[    4.402659] ata2: PATA max UDMA/33 cmd 0x170 ctl 0x376 bmdma 0xd008 irq 15
[    4.405662] libphy: Fixed MDIO Bus: probed
[    4.409256] tun: Universal TUN/TAP device driver, 1.6
[    4.411657] tun: (C) 1999-2004 Max Krasnyansky <maxk@qualcomm.com>
[    4.414420] PPP generic driver version 2.4.2
[    4.418408] ehci_hcd: USB 2.0 'Enhanced' Host Controller (EHCI) Driver
[    4.435078] ehci-pci: EHCI PCI platform driver
[    4.467542] ehci-platform: EHCI generic platform driver
[    4.482655] ohci_hcd: USB 1.1 'Open' Host Controller (OHCI) Driver
[    4.486279] ohci-pci: OHCI PCI platform driver
[    4.494723] ohci-platform: OHCI generic platform driver
[    4.497053] uhci_hcd: USB Universal Host Controller Interface driver
[    4.515093] i8042: PNP: PS/2 Controller [PNP0303:PS2K,PNP0f03:PS2M] at 0x60,0x64 irq 1,12
[    4.519321] serio: i8042 KBD port at 0x60,0x64 irq 1
[    4.532128] serio: i8042 AUX port at 0x60,0x64 irq 12
[    4.555736] mousedev: PS/2 mouse device common for all mice
[    4.572056] rtc_cmos rtc_cmos: rtc core: registered rtc_cmos as rtc0
[    4.577148] rtc_cmos rtc_cmos: alarms up to one day, 114 bytes nvram
[    4.581919] i2c /dev entries driver
[    4.585799] input: AT Translated Set 2 keyboard as /devices/platform/i8042/serio0/input/input2
[    4.591502] device-mapper: ueven: version 1.0.3

[    4.620416] device-mapper: ioctl: 4.34.0-ioctl (2015-10-28) initialised: dm-devel@redhat.com
[    4.624066] ledtrig-cpu: registered to indicate activity on CPUs
[    4.627998] NET: Registered protocol family 10
[    4.630517] NET: Registered protocol family 17
[    4.632721] Key type dns_resolver registered
[    4.635710] registered taskstats version 1
[    4.637964] Loading compiled-in X.509 certificates
[    4.640827] Loaded X.509 cert 'Build time autogenerated kernel key: 20acc96b50ca7641011eace69d32209215a9b56f'
[    4.645443] zswap: loaded using pool lzo/zbud
[    4.649482] Key type trusted registered
[    4.657165] Key type encrypted registered
[    4.667124] AppArmor: AppArmor sha1 policy hashing enabled
[    4.672310] ima: No TPM chip found, activating TPM-bypass!
[    4.685863] ima: Allocated hash algorithm: sha1
[    4.689501] evm: HMAC attrs: 0x1
[    4.693036]   Magic number: 6:286:893
[    4.696188] rtc_cmos rtc_cmos: setting system clock to 2018-10-31 15:51:08 UTC (1541001068)
[    4.704090] BIOS EDD facility v0.16 2004-Jun-25, 0 devices found
[    4.708055] EDD information not available.
[    4.720986] Freeing unused kernel memory: 1528K
[    4.735896] Write protecting the kernel read-only data: 14336k
[    4.746527] Freeing unused kernel memory: 1672K
[    4.749894] Freeing unused kernel memory: 92K
Loading, please wait...
starting version[    4.773694] random: systemd-udevd: uninitialized urandom read (16 bytes read, 5 bits of entropy available)
 229
[    4.774286] random: udevadm: uninitialized urandom read (16 bytes read, 5 bits of entropy available)
[    4.774313] random: udevadm: uninitialized urandom read (16 bytes read, 5 bits of entropy available)
[    4.785113] random: udevadm: uninitialized urandom read (16 bytes read, 5 bits of entropy available)
[    4.785162] random: udevadm: uninitialized urandom read (16 bytes read, 5 bits of entropy available)
[    4.785302] random: udevadm: uninitialized urandom read (16 bytes read, 5 bits of entropy available)
[    4.785357] random: udevadm: uninitialized urandom read (16 bytes read, 5 bits of entropy available)
[    4.785406] random: udevadm: uninitialized urandom read (16 bytes read, 5 bits of entropy available)
[    4.785458] random: udevadm: uninitialized urandom read (16 bytes read, 5 bits of entropy available)
[    4.785506] random: udevadm: uninitialized urandom read (16 bytes read, 5 bits of entropy available)
[    4.852333] tsc: Refined TSC clocksource calibration: 1600.822 MHz
[    4.857402] clocksource: tsc: mask: 0xffffffffffffffff max_cycles: 0x17132d6b1fe, max_idle_ns: 440795232779 ns
[    4.892839] e1000: Intel(R) PRO/1000 Network Driver - version 7.3.21-k8-NAPI
[    4.898306] e1000: Copyright (c) 1999-2006 Intel Corporation.
[    4.901023] Fusion MPT base driver 3.04.20
[    4.902899] Copyright (c) 1999-2008 LSI Corporation
[    4.911172] Fusion MPT SPI Host driver 3.04.20
[    4.932611] AVX2 version of gcm_enc/dec engaged.
[    4.934894] AES CTR mode by8 optimization enabled
[    5.136755] input: ImExPS/2 Generic Explorer Mouse as /devices/platform/i8042/serio1/input/input4
[    6.049250] e1000 0000:00:03.0 eth0: (PCI:33MHz:32-bit) 02:28:89:27:00:51
[    6.051924] e1000 0000:00:03.0 eth0: Intel(R) PRO/1000 Network Connection
[    6.055741] mptbase: ioc0: Initiating bringup
[    6.059276] e1000 0000:00:03.0 enp0s3: renamed from eth0
[    6.843503] ioc0: LSI53C1030 A0: Capabilities={Initiator}
[    7.417741] scsi host2: ioc0: LSI53C1030 A0, FwRev=00000000h, Ports=1, MaxQ=256, IRQ=20
[    7.869160] scsi 2:0:0:0: Direct-Access     VBOX     HARDDISK         1.0  PQ: 0 ANSI: 5
[    7.885639] scsi target2:0:0: Beginning Domain Validation
[    7.894921] scsi target2:0:0: Domain Validation skipping write tests
[    7.897240] scsi target2:0:0: Ending Domain Validation
[    7.910148] scsi target2:0:0: asynchronous
[    7.913515] scsi 2:0:1:0: Direct-Access     VBOX     HARDDISK         1.0  PQ: 0 ANSI: 5
[    7.925093] scsi target2:0:1: Beginning Domain Validation
[    7.940512] scsi target2:0:1: Domain Validation skipping write tests
[    7.942541] scsi target2:0:1: Ending Domain Validation
[    7.944371] scsi target2:0:1: asynchronous
[    7.954934] sd 2:0:0:0: Attached scsi generic sg0 type 0
[    7.965945] sd 2:0:0:0: [sda] 20971520 512-byte logical blocks: (10.7 GB/10.0 GiB)
[    7.974359] sd 2:0:1:0: [sdb] 20480 512-byte logical blocks: (10.5 MB/10.0 MiB)
[    7.974703] sd 2:0:1:0: [sdb] Write Protect is off
[    7.975066] sd 2:0:1:0: [sdb] Incomplete mode parameter data
[    7.975069] sd 2:0:1:0: [sdb] Assuming drive cache: write through
[    7.981822] sd 2:0:1:0: Attached scsi generic sg1 type 0
[    7.984915] sd 2:0:1:0: [sdb] Attached SCSI disk
[    8.013635] sd 2:0:0:0: [sda] Write Protect is off
[    8.017721] sd 2:0:0:0: [sda] Incomplete mode parameter data
[    8.024788] sd 2:0:0:0: [sda] Assuming drive cache: write through
[    8.032382]  sda: sda1
[    8.040001] sd 2:0:0:0: [sda] Attached SCSI disk
Begin: Loading essential drivers[    9.510429] md: linear personality registered for level -1
 ... [    9.518743] md: multipath personality registered for level -4
[    9.537116] md: raid0 personality registered for level 0
[    9.554321] md: raid1 personality registered for level 1
[    9.635907] raid6: sse2x1   gen()  7842 MB/s
[    9.703937] raid6: sse2x1   xor()  6331 MB/s
[    9.779954] raid6: sse2x2   gen() 10337 MB/s
[    9.851744] raid6: sse2x2   xor()  6705 MB/s
[    9.924221] raid6: sse2x4   gen() 11975 MB/s
[    9.991884] raid6: sse2x4   xor()  7953 MB/s
[   10.060007] raid6: avx2x1   gen() 15162 MB/s
[   10.132251] raid6: avx2x2   gen() 18680 MB/s
[   10.199985] raid6: avx2x4   gen() 21041 MB/s
[   10.204781] raid6: using algorithm avx2x4 gen() 21041 MB/s
[   10.212657] raid6: using avx2x2 recovery algorithm
[   10.226723] xor: automatically using best checksumming function:
[   10.284177]    avx       : 71473.000 MB/sec
[   10.290500] async_tx: api initialized (async)
[   10.302799] md: raid6 personality registered for level 6
[   10.309653] md: raid5 personality registered for level 5
[   10.314175] md: raid4 personality registered for level 4
[   10.323906] md: raid10 personality registered for level 10
done.
Begin: Running /scripts/init-premount ... done.
Begin: Mounting root file system ... Begin: Running /scripts/local-top ... done.
Begin: Running /scripts/local-premount ... [   10.369859] Btrfs loaded
Scanning for Btrfs filesystems
done.
Warning: fsck not present, so sk[   10.471857] EXT4-fs (sda1): mounted filesystem with ordered data mode. Opts: (null)
ipping root file system
done.
Begin: Running /scripts/local-bottom ... done.
Begin: Running /scripts/init-bottom ... done.
[   10.971556] systemd[1]: systemd 229 running in system mode. (+PAM +AUDIT +SELINUX +IMA +APPARMOR +SMACK +SYSVINIT+UTMP +LIBCRYPTSETUP +GCRYPT +GNUTLS +ACL +XZ -LZ4 +SECCOMP +BLKID +ELFUTILS +KMOD -IDN)
[   11.028915] systemd[1]: Detected virtualization oracle.
[   11.03947] systemd[1]: Detect architecture x86-64.

Welcome to [1mUbuntu 16.04.5 LTS[0m!

[   11.48747] systemd[1]: Sehosame to <ubuntu>.
[   11.682145] systemd[1]: Initializing machine ID from random generator.
[   11.685383] systemd[1]: Installed transient /etc/machine-id file.

[   12590732] systemd[1]: Listening n udev Kernel Socket.
[[0;32m  OK  [0m] Listening on udev Kernel Socket.
[   12.852766] systemd[1]: Started Forward Password Requests to Wall Directory Watch.
[[0;32m  OK  [0m] Started Forward Password Requests to Wall Directory Watch.
[   12.866197] systemd[1]: Listening on /dev/initctl Compatibility Named Pipe.
[[0;32m  OK  [0m] Listening on /dev/initctl Compatibility Named Pipe.
[   13.05558] systemd[1]: Set up tomoun Arbirary ExecutableFile Formats File System Autmount Point.
[[0;32m  OK  [0m] Set up automount Arbitrary Executab...ats File System Automount Point.
[   13.452526] systemd[1]: Listening on Device-mapper event daemon FIFOs.
[[0;32m  OK  [0m] Listening on Device-mapper event daemon FIFOs.
[   13.526799]systemd[1]: Stared Triggr resolvconf update for networkd DNS.
[[0;32m  OK  [0m] Started Trigger resolvconf update for networkd DNS.
[   13.865217] systemd[1]: Listening on Journal Audit Socket.
[[0;32m  OK  [0m] Listening on Journal Audit Socket.
[   14.056937] systemd[1]Listenig on Journal Socket (/dev/log).
[[0;32m  OK  [0m] Listening on Journal Socket (/dev/log).
[   14.892146] systemd[1]: Listening on udev Control Socket.
[[0;32m  OK  [0m] Listening on udev Control Socket.
[  14.920779] sysemd[1]: Listening on LVM2 poll daemon soket.
[[0;32m  OK  [0m] Listening on LVM2 poll daemon socket.
[   15.003733] systemd[1]: Listening on Journal Socket.
[[0;32m  OK  [0m] Listening on Journal Socket.
[   15.025679] systemd[1]: Reached target Swap.
[[0;32m  OK  [0m] Reached target Swap.
[   15.030677] systemd[1]: Listening on LVM2 metadata daemon socket.
[[0;32m  OK  [0m] Listening on LVM2 metadata daemon socket.
[   15.037854 systemd[1]: Reached target Encrypted Volumes.
[[0;32m  OK  [0m] Reached target Encrypted Volumes.
[   15.09380] stemd[1]:eached target User and Group Name Lookups.
[[0;32m  OK  [0m] Reached target User and Group Name Lookups.
[   15.376948] sstemd[1]: Listning on Syslog Socket.
[[0;32m  OK  [0m] Listening on Syslog Socket.
[   15.885370] systemd[1]: Created slice System Slice.
[[0;32m  OK  [0m] Created slice System Slice.
[   16.048815] systemd[1]: Starting Journal Service...
[   16.052922] random: nonblocking pool is initialized
         Starting Journal Service...
[   16.063353] systemd[1]: Mounting POSIX Message Queue File System...
         Mounting POSIX Message Queue File System...
[   16.074374] systemd[1]: Starting Set console keymap...
         Starting Set console keymap...
[   16.108059] systemd[1]: Starting Create list of required static device nodes for the current kernel...
         Starting Create list of required st... nodes for the current kernel...
[   16.121879] systemd[1]: Starting Uncomplicated firewall...
         Starting Uncomplicated firewall...
[   16.129836] systemd[1]: Mounting Debug File System...
         Mounting Debug File System...
[   16.168532] systemd[1]: Starting Remount Root and Kernel File Systems...
[   16.181910] EXT4-fs (sda1): re-mounted. Opts: (null)
         Starting Remount Root and Kernel File Systems...
[   16.203021] systemd[1]: Starting Monitoring of LVM2 mirrors, snapshots etc. using dmeventd or progress polling...
         Starting Monitoring of LVM2 mirrors... dmeventd or progress polling...
[   16.268296] systemd[1]: Mounting Huge Pages File System...
         Mounting Huge Pages File System...
[   16.345405] systemd[1]: Created slice system-serial\x2dgetty.slice.
[[0;32m  OK  [0m] Created slice system-serial\x2dgetty.slice.
[   16.424594] systemd[1]: Starting Load Kernel Modules...
         Starting Load Kernel Modules...
[   16.436849] systemd[1]: Starting Nameserver information manager...
         Starting Nameserver information manager[   16.446442] Loading iSCSI transport class v2.0-870.
...
[   16.462201] systemd[1]: Created slice User and Session Slice.
[[0;32m  OK  [0m] Created slice User and Session Slice.
[   16.475916] iscsi: registered transport (tcp)
[   16.485072] systemd[1]: Reached target Slices.
[[0;32m  OK  [0m] Reached target Slices.
[   16.516421] systemd[1]: Reached target System Time Synchronized.
[[0;32m  OK  [0m] Reached target System Time Synchronized.
[   16.565614] systemd[1]: Mounted Debug File System.
[   16.571246] iscsi: registered transport (iser)
[[0;32m  OK  [0m] Mounted Debug File System.
[   16.588349] systemd[1]: Mounted POSIX Message Queue File System.
[[0;32m  OK  [0m] Mounted POSIX Message Queue File System.
[   16.637069] systemd[1]: Mounted Huge Pages File System.
[[0;32m  OK  [0m] Mounted Huge Pages File System.
[   16.646899] systemd[1]: Started Journal Service.
[[0;32m  OK  [0m] Started Journal Service.
[[0;32m  OK  [0m] Started Set console keymap.
[[0;32m  OK  [0m] Started Create list of required sta...ce nodes for the current kernel.
[[0;32m  OK  [0m] Started Uncomplicated firewall.
[[0;32m  OK  [0m] Started Remount Root and Kernel File Systems.
[[0;32m  OK  [0m] Started Load Kernel Modules.
[[0;32m  OK  [0m] Started Nameserver information manager.
[[0;32m  OK  [0m] Started LVM2 metadata daemon.
         Starting Apply Kernel Variables...
         Mounting FUSE Control File System...
         Starting udev Coldplug all Devices...
         Starting Load/Save Random Seed...
         Starting Create Static Device Nodes in /dev...
         Starting Flush Journal to Persistent Storage...
[[0;32m  OK  [0m] Mounted FUSE Control File System.
[[0;32m  OK  [0m] Started Apply Kernel Variables.
[[0;32m  OK  [0m] Started Load/Save Random Seed.
[[0;32m  OK  [0m] Started Create Static Device Nodes in /dev.
[[0;32m  OK  [0m] Started udev Coldplug all Devices.
         Starting udev Kernel Device Manager...
[[0;32m  OK  [0m] Started Flush Journal to Persistent Storage.
[[0;32m  OK  [0m] Started Monitoring of LVM2 mirrors,...ng dmeventd or progress polling.
[[0;32m  OK  [0m] Started udev Kernel Device Manager.
[[0;32m  OK  [0m] Started Dispatch Password Requests to Console Directory Watch.
[[0;32m  OK  [0m] Reached target Local File Systems (Pre).
[[0;32m  OK  [0m] Reached target Local File Systems.
         Starting Tell Plymouth To Write Out Runtime Data...
         Starting LSB: AppArmor initialization...
         Starting Commit a transient machine-id on disk...
         Starting Create Volatile Files and Directories...
         Starting Initial cloud-init job (pre-networking)...
         Starting Set console font and keymap...
[[0;32m  OK  [0m] Started Tell Plymouth To Write Out Runtime Data.
[[0;32m  OK  [0m] Started Commit a transient machine-id on disk.
[[0;32m  OK  [0m] Started Create Volatile Files and Directories.
[[0;32m  OK  [0m] Found device /dev/ttyS0.
[[0;32m  OK  [0m] Listening on Load/Save RF Kill Switch Status /dev/rfkill Watch.
         Starting Update UTMP about System Boot/Shutdown...
[[0;32m  OK  [0m] Started Update UTMP about System Boot/Shutdown.
[[0;32m  OK  [0m] Started LSB: AppArmor initialization.
[[0;32m  OK  [0m] Started Set console font and keymap.
[[0;32m  OK  [0m] Created slice system-getty.slice.
[   17.380613] cloud-init[490]: Cloud-init v. 18.3-9-g2e62cb8a-0ubuntu1~16.04.2 running 'init-local' at Wed, 31 Oct 2018 15:51:23 +0000. Up 16.74 seconds.
[[0;32m  OK  [0m] Started Initial cloud-init job (pre-networking).
[[0;32m  OK  [0m] Reached target Network (Pre).
         Starting Raise network interfaces...
[[0;32m  OK  [0m] Started Raise network interfaces.
[[0;32m  OK  [0m] Reached target Network.
         Starting Initial cloud-init job (metadata service crawler)...
[   19.385952] cloud-init[924]: Cloud-init v. 18.3-9-g2e62cb8a-0ubuntu1~16.04.2 running 'init' at Wed, 31 Oct 2018 15:51:24 +0000. Up 18.19 seconds.
[   19.452636] cloud-init[924]: ci-info: +++++++++++++++++++++++++++++++++++++Net device info+++++++++++++++++++++++++++++++++++++
[   19.453153] cloud-init[924]: ci-info: +--------+------+--------------------------+---------------+--------+-------------------+
[   19.459126] cloud-init[924]: ci-info: | Device |  Up  |         Address          |      Mask     | Scope  |     Hw-Address    |
[   19.464291] cloud-init[924]: ci-info: +--------+------+--------------------------+---------------+--------+-------------------+
[[0;32m  OK  [0m] Started Initial cloud-init job (metadata service crawler).
[   19.464760] cloud-init[924]: ci-info: | enp0s3 | True |        10.0.2.15         | 255.255.255.0 | global | 02:28:89:27:00:51 |
[   19.562800] cloud-init[924]: ci-info: | enp0s3 | True | fe80::28:89ff:fe27:51/64 |       .       |  link  | 02:28:89:27:00:51 |
[   19.563338] cloud-init[924]: ci-info: |   lo   | True |        127.0.0.1         |   255.0.0.0   |  host  |         .         |
[   19.565699] cloud-init[924]: ci-info: |   lo   | True |         ::1/128          |       .       |  host  |         .         |
[   19.569789] cloud-init[924]: ci-info: +--------+------+--------------------------+---------------+--------+-------------------+
[[0;32m  OK  [0m] Reached target Network is Online.
[   19.569840] cloud-init[924]: ci-info: +++++++++++++++++++++++++++Route IPv4 info++++++++++++++++++++++++++++
[   19.742517] cloud-init[924]: ci-info: +-------+-------------+----------+---------------+-----------+-------+
         Starting iSCSI initiator daemon (iscsid)...
[   19.743164] cloud-init[924]: ci-info: | Route | Destination | Gateway  |    Genmask    | Interface | Flags |
[   19.781147] cloud-init[924]: ci-info: +-------+-------------+----------+---------------+-----------+-------+
[   19.782432] cloud-init[924]: ci-info: |   0   |   0.0.0.0   | 10.0.2.2 |    0.0.0.0    |   enp0s3  |   UG  |
[   19.783384] cloud-init[924]: ci-info: |   1   |   10.0.2.0  | 0.0.0.0  | 255.255.255.0 |   enp0s3  |   U   |
[   19.784739] cloud-init[924]: ci-info: +-------+-------------+----------+---------------+-----------+-------+
[[0;32m  OK  [0m] Reached target Cloud-config availability.
[   19.785887] cloud-init[924]: ci-info: +++++++++++++++++++Route IPv6 info+++++++++++++++++++
[   19.928271] cloud-init[924]: ci-info: +-------+-------------+---------+-----------+-------+
[   19.928826] cloud-init[924]: ci-info: | Route | Destination | Gateway | Interface | Flags |
[   19.933897] cloud-init[924]: ci-info: +-------+-------------+---------+-----------+-------+
[[0;32m  OK  [0m] Reached target System Initialization.
[   19.935018] cloud-init[924]: ci-info: |   0   |  fe80::/64  |    ::   |   enp0s3  |   U   |
[   20.078917] cloud-init[924]: ci-info: |   3   |   ff00::/8  |    ::   |   enp0s3  |   U   |
[   20.079440] cloud-init[924]: ci-info: +-------+-------------+---------+-----------+-------+
[   20.084385] cloud-init[924]: Generating public/private rsa key pair.
         Starting Socket activation for snappy daemon.
[   20.087193] cloud-init[924]: Your identification has been saved in /etc/ssh/ssh_host_rsa_key.
[   20.172732] cloud-init[924]: Your public key has been saved in /etc/ssh/ssh_host_rsa_key.pub.
[   20.173766] cloud-init[924]: The key fingerprint is:
[   20.174964] cloud-init[924]: SHA256:U5gZJu+DeSqeR6BnurNl568FqlwgZI/1AVMQCsArYKk root@ubuntu-xenial
[[0;32m  OK  [0m] Started ACPI Events Check.
[[   20.181301] cloud-init[924]: The key's randomart image is:
[   20.232427] cloud-init[924]: +---[RSA 2048]----+
[   20.236816] cloud-init[924]: |= .=+.. o        |
[0;32m  OK  [0m] Reached target Paths.
[   20.237517] cloud-init[924]: |o+. o  + =       |
[[0;32m  OK  [0m] Started Daily Cleanup of Temporary Directories.
[   20.275731] cloud-init[924]: |++.. .  = .      |
[   20.301551] cloud-init[924]: |E.+ o .+ .       |
[   20.303033] cloud-init[924]: |o..o o+ S        |
         Starting LXD - unix socket.
[[   20.306412] cloud-init[924]: | ...o..+ o       |
[   20.337057] cloud-init[924]: |   +*.o .        |
[0;32m  OK  [0m] Started Daily apt download activities.
[   20.339029] cloud-init[924]: | .o* =..         |
[   20.402720] cloud-init[924]: |  =+o.oo.        |
[[0;32m  OK  [0m] Started Daily apt upgrade and clean activities.
[[   20.404753] cloud-init[924]: +----[SHA256]-----+
[   20.565344] cloud-init[924]: Generating public/private dsa key pair.
[0;32m  OK  [0m] Reached target Timers.
[   20.568251] cloud-init[924]: Your identification has been saved in /etc/ssh/ssh_host_dsa_key.
[   20.585111] cloud-init[924]: Your public key has been saved in /etc/ssh/ssh_host_dsa_key.pub.
[   20.589426] cloud-init[924]: The key fingerprint is:
[   20.591097] cloud-init[924]: SHA256:KJ8XoSK22dfiqlcG0hzaRIjBNtuc4/jJPsi4/4TGTYw root@ubuntu-xenial
[[0;32m  OK  [0m] Listening on ACPID Listen Socket.
[[   20.591522] cloud-init[924]: The key's randomart image is:
[   20.605519] cloud-init[924]: +---[DSA 1024]----+
[   20.608489] cloud-init[924]: |oo o.            |
[   20.609357] cloud-init[924]: |.+. o            |
[   20.611502] cloud-init[924]: |. =*..  .        |
[   20.612678] cloud-init[924]: | .oB=  o .       |
[0;32m  OK  [0m] Listening on UUID daemon activation socket.
[   20.613131] cloud-init[924]: |  E.*.o S        |
[[0;32m  OK  [0m[   20.640733] ] cloud-initListening on D-Bus System Message Bus Socket.[924]: 
| + X +oo .       |
[   20.643085] cloud-init[924]: |o X =o= o        |
[   20.680610] cloud-init[924]: |.+ *.o o         |
[   20.681749] cloud-init[924]: |.o+=+..          |
[[0;32m  OK  [0m] Listening on Socket activation for snappy daemon.
[   20.682625] cloud-init[924]: +----[SHA256]-----+
[   20.704216] cloud-init[924]: Generating public/private ecdsa key pair.
[   20.705489] cloud-init[924]: Your identification has been saved in /etc/ssh/ssh_host_ecdsa_key.
[[0;32m  OK  [0m] Listening on LXD - unix socket.
[[   20.706811] cloud-init[924]: Your public key has been saved in /etc/ssh/ssh_host_ecdsa_key.pub.
[0;32m  OK  [0m] Started iSCSI initiator daemon (iscsid).
[   20.782317] cloud-init[924]: The key fingerprint is:
[   20.820580] cloud-init[924]: SHA256:gPj9K7qcYsRnyj4gaSsAMUD1anDwTsEHxozpcMMkIjs root@ubuntu-xenial
[   20.821097] cloud-init[924]: The key's randomart image is:
         Starting Login to default iSCSI targets...
[[0;32m  OK  [0m[   20.822173] cloud-init[924]: +---[ECDSA 256]---+
[   20.905188] cloud-init[924]: |B=O=.            |
] Reached target Sockets.
[[   20.906084] cloud-init[924]: |*=B=oo           |
[   20.970332] cloud-init[924]: |E=.=o..          |
[   20.970978] cloud-init[924]: |.o=... .         |
[0;32m  OK  [0m] Reached target Basic System.
[   20.971684] cloud-init[924]: |.o +. . S        |
[   21.020919] cloud-init[924]: |=.+ o  .         |
[   21.021585] cloud-init[924]: |++.+    .        |
[   21.022359] cloud-init[924]: |..*. ..  .       |
[[0;32m  OK  [0m] Started FUSE filesystem for LXC.
[   21.022417] cloud-init[924]: |.o.o=o ..        |
[   21.117061] cloud-init[924]: +----[SHA256]-----+
[   21.117752] cloud-init[924]: Generating public/private ed25519 key pair.
[[   21.119848] [0;32m  OK  [0mcloud-init] [924]: Started D-Bus System Message Bus.Your identification has been saved in /etc/ssh/ssh_host_ed25519_key.

[   21.119925] cloud-init[924]: Your public key has been saved in /etc/ssh/ssh_host_ed25519_key.pub.
[   21.358295] cloud-init[924]: The key fingerprint is:
[   21.358800] cloud-init[924]: SHA256:k0PLUAY0y2VN7wpGzsthS/MV5k3L7BP94uRBlPqUtaA root@ubuntu-xenial
[   21.360432] cloud-init[924]: The key's randomart image is:
[[0;32m  OK  [0m] Started Unattended Upgrades Shutdown.
[   21.360482] cloud-init[924]: +--[ED25519 256]--+
[   21.399398] cloud-init[924]: |     .+.=o.      |
[   21.403254] cloud-init[924]: |     . B  ..   . |
[   21.406071] cloud-init[924]: |      + o   +.+ .|
[   21.415437] cloud-init[924]: |       B o +.O.=.|
         Starting Pollinate to seed the pseudo random number generator...
[   21.426195] cloud-init[924]: |        S  E= X..|
[   21.455431] cloud-init[924]: |       = X o = ..|         Starting LSB: Record successful boot for GRUB...

         Starting LXD - container startup/shutdown...
[   21.493794] cloud-init[924]: |        + o   B .|
         Starting LSB: MD monitoring daemon...
[   21.524873]          Starting Login Service...
cloud-init[[0;32m  OK  [0m] Started Regular background program processing daemon.
[924]: |             + + |
[   21.613470] [[0;32m  OK  [0m] Started ACPI event daemon.
cloud-init[924]: |              o  |
[   21.639717]          Starting Accounts Service...
         Starting /etc/rc.local Compatibility...
         Starting System Logging Service...
cloud-init[924]: +----[SHA256]-----+
         Starting Virtualbox guest utils...
[[0;32m  OK  [0m] Started Deferred execution scheduler.
         Starting Snappy daemon...
[[0;32m  OK  [0m] Started /etc/rc.local Compatibility.
[[0;32m  OK  [0m] Started System Logging Service.
[[0;32m  OK  [0m] Started LSB: Record successful boot for GRUB.
[[0;32m  OK  [0m] Started Login to default iSCSI targets.
[[0;32m  OK  [0m] Started LSB: MD monitoring daemon.
[[0;32m  OK  [0m] Started LXD - container startup/shutdown.
[[0;32m  OK  [0m] Started Login Service.
         Starting Authenticate and Authorize Users to Run Privileged Tasks...
[[0;32m  OK  [0m] Reached target Remote File Systems (Pre).
[[0;32m  OK  [0m] Reached target Remote File Systems.
         Starting Permit User Sessions...
         Starting LSB: daemon to balance interrupts for SMP systems...
         Starting LSB: automatic crash report generation...
         Starting LSB: Set the CPU Frequency Scaling governor to "ondemand"...
[[0;32m  OK  [0m] Started Pollinate to seed the pseudo random number generator.
[[0;32m  OK  [0m] Started Virtualbox guest utils.
[[0;32m  OK  [0m] Started Permit User Sessions.
[[0;32m  OK  [0m] Started Authenticate and Authorize Users to Run Privileged Tasks.
[[0;32m  OK  [0m] Started Accounts Service.
         Starting Terminate Plymouth Boot Screen...
         Starting Hold until boot process finishes up...
         Starting OpenBSD Secure Shell server...
[[0;32m  OK  [0m] Started Snappy daemon.
[[0;32m  OK  [0m] Started OpenBSD Secure Shell server.
[[0;32m  OK  [0m] Started LSB: daemon to balance interrupts for SMP systems.
[[0;32m  OK  [0m] Started LSB: automatic crash report generation.
[[0;32m  OK  [0m] Started LSB: Set the CPU Frequency Scaling governor to "ondemand".
[[0;32m  OK  [0m] Started Terminate Plymouth Boot Screen.
[[0;32m  OK  [0m] Started Hold until boot process finishes up.
[[0;32m  OK  [0m] Started Getty on tty1.
[[0;32m  OK  [0m] Started Serial Getty on ttyS0.
[[0;32m  OK  [0m] Reached target Login Prompts.
         Starting Set console scheme...
         Starting Wait until snapd is fully seeded...
[[0;32m  OK  [0m] Started Set console scheme.
[[0;32m  OK  [0m] Created slice User Slice of vagrant.
         Starting User Manager for UID 1000...
[[0;32m  OK  [0m] Started Session 1 of user vagrant.
[[0;32m  OK  [0m] Started User Manager for UID 1000.
[[0;32m  OK  [0m] Started Wait until snapd is fully seeded.
[[0;32m  OK  [0m] Reached target Multi-User System.
[[0;32m  OK  [0m] Reached target Graphical Interface.
         Starting Update UTMP about System Runlevel Changes...
         Starting Apply the settings specified in cloud-config...
[[0;32m  OK  [0m] Started Update UTMP about System Runlevel Changes.
[   24.504879] cloud-init[1311]: Generating locales (this might take a while)...
         Stopping User Manager for UID 1000...
[[0;32m  OK  [0m] Stopped User Manager for UID 1000.
[[0;32m  OK  [0m] Removed slice User Slice of vagrant.
[   26.170548] cloud-init[1311]:   en_US.UTF-8... done
[   26.176546] cloud-init[1311]: Generation complete.
[[0;32m  OK  [0m] Created slice User Slice of vagrant.
         Starting User Manager for UID 1000...
[[0;32m  OK  [0m] Started User Manager for UID 1000.
[[0;32m  OK  [0m] Started Session 2 of user vagrant.
[   27.022740] cloud-init[1311]: Cloud-init v. 18.3-9-g2e62cb8a-0ubuntu1~16.04.2 running 'modules:config' at Wed, 31 Oct 2018 15:51:30 +0000. Up 24.10 seconds.
[[0;32m  OK  [0m] Started Apply the settings specified in cloud-config.
         Starting Execute cloud user/final scripts...

Ubuntu 16.04.5 LTS ubuntu-xenial ttyS0

ubuntu-xenialci-info: no authorized ssh keys fingerprints found for user ubuntu.
 login: <14>Oct 31 15:51:35 ec2: 
<14>Oct 31 15:51:35 ec2: #############################################################
<14>Oct 31 15:51:35 ec2: -----BEGIN SSH HOST KEY FINGERPRINTS-----
<14>Oct 31 15:51:35 ec2: 1024 SHA256:KJ8XoSK22dfiqlcG0hzaRIjBNtuc4/jJPsi4/4TGTYw root@ubuntu-xenial (DSA)
<14>Oct 31 15:51:35 ec2: 256 SHA256:gPj9K7qcYsRnyj4gaSsAMUD1anDwTsEHxozpcMMkIjs root@ubuntu-xenial (ECDSA)
<14>Oct 31 15:51:35 ec2: 256 SHA256:k0PLUAY0y2VN7wpGzsthS/MV5k3L7BP94uRBlPqUtaA root@ubuntu-xenial (ED25519)
<14>Oct 31 15:51:35 ec2: 2048 SHA256:U5gZJu+DeSqeR6BnurNl568FqlwgZI/1AVMQCsArYKk root@ubuntu-xenial (RSA)
<14>Oct 31 15:51:35 ec2: -----END SSH HOST KEY FINGERPRINTS-----
<14>Oct 31 15:51:35 ec2: #############################################################
-----BEGIN SSH HOST KEY KEYS-----
ecdsa-sha2-nistp256 AAAAE2VjZHNhLXNoYTItbmlzdHAyNTYAAAAIbmlzdHAyNTYAAABBBLgqSgsjyM7W5xf6oMDEvYyfD83pPr2mj79np1+ihSZfhd/uVB0vpzjW3oe3MbrTkEA3FoEMbWfenlNzS6YeQto= root@ubuntu-xenial
ssh-ed25519 AAAAC3NzaC1lZDI1NTE5AAAAID0B85cCq7UQbsQmzmvWFZa9nCzZHFyxjeqikMAZ6KOW root@ubuntu-xenial
ssh-rsa AAAAB3NzaC1yc2EAAAADAQABAAABAQC3e214mjpAu7kUSatHZjJFDBoXk1iqo+GbnvYS5LXUj5Y2BAsE9kBmlpkdg8NvVscqi4SJnIvCWuRCUzcAlA6Q2NiGqrvn5CiGmrH8xSpuw2F0LMbHD4l1kd3hWNIrQn7BhwpjR7STI2IgxeMrMEN21EWOxwprWDHo43dU4MAR0S0bCDq4vFa7O95sTg7An5oY+ECNVnMof6WLtLj6k0Slxqxw+lFmXmqwrIK2/6dbPVS0/o6Tiiihv1CXuRmQwZKMa3VqFOhVZpM0CxZEWRW0COSIITJO2lQ9SXDtPZpNJRGYShzF9egcDr/Y7DEk7YtW1MZeHFzeKpD1tQx4QXgx root@ubuntu-xenial
-----END SSH HOST KEY KEYS-----
[   29.063228] cloud-init[1542]: Cloud-init v. 18.3-9-g2e62cb8a-0ubuntu1~16.04.2 running 'modules:final' at Wed, 31 Oct 2018 15:51:34 +0000. Up 28.34 seconds.
[   29.063883] cloud-init[1542]: ci-info: no authorized ssh keys fingerprints found for user ubuntu.
[   29.064700] cloud-init[1542]: Cloud-init v. 18.3-9-g2e62cb8a-0ubuntu1~16.04.2 finished at Wed, 31 Oct 2018 15:51:35 +0000. Datasource DataSourceNoCloud [seed=/dev/sdb][dsmode=net].  Up 29.04 seconds
[   34.424875] e1000 0000:00:03.0 enp0s3: Detected Tx Unit Hang
[   34.424875]   Tx Queue             <0>
[   34.424875]   TDH                  <c6>
[   34.424875]   TDT                  <c8>
[   34.424875]   next_to_use          <c8>
[   34.424875]   next_to_clean        <c6>
[   34.424875] buffer_info[next_to_clean]
[   34.424875]   time_stamp           <fffef75b>
[   34.424875]   next_to_watch        <c7>
[   34.424875]   jiffies              <fffefa09>
[   34.424875]   next_to_watch.status <0>
[   38.430340] e1000 0000:00:03.0 enp0s3: Detected Tx Unit Hang
[   38.430340]   Tx Queue             <0>
[   38.430340]   TDH                  <c6>
[   38.430340]   TDT                  <c8>
[   38.430340]   next_to_use          <c8>
[   38.430340]   next_to_clean        <c6>
[   38.430340] buffer_info[next_to_clean]
[   38.430340]   time_stamp           <fffef75b>
[   38.430340]   next_to_watch        <c7>
[   38.430340]   jiffies              <fffefdf3>
[   38.430340]   next_to_watch.status <0>
[   40.480710] e1000 0000:00:03.0 enp0s3: Reset adapter
